{
  "stats": {
    "suites": 2,
    "tests": 3,
    "passes": 3,
    "pending": 0,
    "failures": 0,
    "start": "2024-11-17T19:21:13.650Z",
    "end": "2024-11-17T19:21:48.638Z",
    "duration": 34988,
    "testsRegistered": 3,
    "passPercent": 100,
    "pendingPercent": 0,
    "other": 0,
    "hasOther": false,
    "skipped": 0,
    "hasSkipped": false
  },
  "results": [
    {
      "uuid": "c7bc439b-1ccc-4ea0-86d4-699ca30b260d",
      "title": "",
      "fullFile": "",
      "file": "",
      "beforeHooks": [],
      "afterHooks": [],
      "tests": [],
      "suites": [
        {
          "uuid": "07effcd2-06e1-45d9-ad6e-2dc1d426e6e4",
          "title": "home",
          "fullFile": "/Users/dionismoreira/Documents/Teste outsera/automacaoMobile/steps/home_test.js",
          "file": "/steps/home_test.js",
          "beforeHooks": [
            {
              "title": "\"before all\" hook: codeceptjs.beforeSuite in \"home\"",
              "fullTitle": "home \"before all\" hook: codeceptjs.beforeSuite in \"home\"",
              "timedOut": false,
              "duration": 1,
              "state": null,
              "speed": null,
              "pass": false,
              "fail": false,
              "pending": false,
              "context": null,
              "code": "scenario.suiteSetup(suite)",
              "err": {},
              "uuid": "c6615d2a-b240-42cc-a2d6-a53ba1063949",
              "parentUUID": "07effcd2-06e1-45d9-ad6e-2dc1d426e6e4",
              "isHook": true,
              "skipped": false
            },
            {
              "title": "\"before each\" hook: codeceptjs.before in \"home\"",
              "fullTitle": "home \"before each\" hook: codeceptjs.before in \"home\"",
              "timedOut": false,
              "duration": 4271,
              "state": null,
              "speed": null,
              "pass": false,
              "fail": false,
              "pending": false,
              "context": null,
              "code": "scenario.setup(suite)",
              "err": {},
              "uuid": "5e03acd7-acb3-4bbb-91f1-487281aaff9a",
              "parentUUID": "07effcd2-06e1-45d9-ad6e-2dc1d426e6e4",
              "isHook": true,
              "skipped": false
            },
            {
              "title": "\"before each\" hook: Before in \"home\"",
              "fullTitle": "home \"before each\" hook: Before in \"home\"",
              "timedOut": false,
              "duration": 4644,
              "state": null,
              "speed": null,
              "pass": false,
              "fail": false,
              "pending": false,
              "context": null,
              "code": "login_pagePage.realizandoLogin(\"teste@teste.com\", \"123456\");",
              "err": {},
              "uuid": "2e58cf00-8cf3-489e-8bfa-ad142a4a4187",
              "parentUUID": "07effcd2-06e1-45d9-ad6e-2dc1d426e6e4",
              "isHook": true,
              "skipped": false
            }
          ],
          "afterHooks": [
            {
              "title": "\"after all\" hook: codeceptjs.afterSuite in \"home\"",
              "fullTitle": "home \"after all\" hook: codeceptjs.afterSuite in \"home\"",
              "timedOut": false,
              "duration": 1,
              "state": null,
              "speed": null,
              "pass": false,
              "fail": false,
              "pending": false,
              "context": null,
              "code": "scenario.suiteTeardown(suite)",
              "err": {},
              "uuid": "f15d35c3-ce74-4fec-b472-5f62c6856068",
              "parentUUID": "07effcd2-06e1-45d9-ad6e-2dc1d426e6e4",
              "isHook": true,
              "skipped": false
            },
            {
              "title": "\"after each\" hook: finalize codeceptjs in \"home\"",
              "fullTitle": "home \"after each\" hook: finalize codeceptjs in \"home\"",
              "timedOut": false,
              "duration": 364,
              "state": null,
              "speed": null,
              "pass": false,
              "fail": false,
              "pending": false,
              "context": null,
              "code": "scenario.teardown(suite)",
              "err": {},
              "uuid": "673a5a22-70dd-410d-b21d-a7e8e200e350",
              "parentUUID": "07effcd2-06e1-45d9-ad6e-2dc1d426e6e4",
              "isHook": true,
              "skipped": false
            }
          ],
          "tests": [
            {
              "title": "adicionandoAluno",
              "fullTitle": "home: adicionandoAluno",
              "timedOut": false,
              "duration": 5633,
              "state": "passed",
              "speed": "slow",
              "pass": true,
              "fail": false,
              "pending": false,
              "context": null,
              "code": "home_pagePage.registrandoAluno(\"2334\", \"Dionis Moreira\");",
              "err": {},
              "uuid": "3ca43223-206d-48b6-b5f3-4e4fbe92a5fd",
              "parentUUID": "07effcd2-06e1-45d9-ad6e-2dc1d426e6e4",
              "isHook": false,
              "skipped": false
            }
          ],
          "suites": [],
          "passes": [
            "3ca43223-206d-48b6-b5f3-4e4fbe92a5fd"
          ],
          "failures": [],
          "pending": [],
          "skipped": [],
          "duration": 5633,
          "root": false,
          "rootEmpty": false,
          "_timeout": 0
        },
        {
          "uuid": "c784cb45-043b-4e52-968c-327e434ac4f2",
          "title": "login",
          "fullFile": "/Users/dionismoreira/Documents/Teste outsera/automacaoMobile/steps/login_test.js",
          "file": "/steps/login_test.js",
          "beforeHooks": [
            {
              "title": "\"before all\" hook: codeceptjs.beforeSuite in \"login\"",
              "fullTitle": "login \"before all\" hook: codeceptjs.beforeSuite in \"login\"",
              "timedOut": false,
              "duration": 1,
              "state": null,
              "speed": null,
              "pass": false,
              "fail": false,
              "pending": false,
              "context": null,
              "code": "scenario.suiteSetup(suite)",
              "err": {},
              "uuid": "5b3fdd16-3b0c-455f-9ea8-c0225accf550",
              "parentUUID": "c784cb45-043b-4e52-968c-327e434ac4f2",
              "isHook": true,
              "skipped": false
            },
            {
              "title": "\"before each\" hook: codeceptjs.before in \"login\"",
              "fullTitle": "login \"before each\" hook: codeceptjs.before in \"login\"",
              "timedOut": false,
              "duration": 5073,
              "state": null,
              "speed": null,
              "pass": false,
              "fail": false,
              "pending": false,
              "context": null,
              "code": "scenario.setup(suite)",
              "err": {},
              "uuid": "5c5fe068-314b-4224-a2d5-5590adcd15f4",
              "parentUUID": "c784cb45-043b-4e52-968c-327e434ac4f2",
              "isHook": true,
              "skipped": false
            }
          ],
          "afterHooks": [
            {
              "title": "\"after all\" hook: codeceptjs.afterSuite in \"login\"",
              "fullTitle": "login \"after all\" hook: codeceptjs.afterSuite in \"login\"",
              "timedOut": false,
              "duration": 1,
              "state": null,
              "speed": null,
              "pass": false,
              "fail": false,
              "pending": false,
              "context": null,
              "code": "scenario.suiteTeardown(suite)",
              "err": {},
              "uuid": "18538c8f-feaf-479b-a746-c454ae41ac1d",
              "parentUUID": "c784cb45-043b-4e52-968c-327e434ac4f2",
              "isHook": true,
              "skipped": false
            },
            {
              "title": "\"after each\" hook: finalize codeceptjs in \"login\"",
              "fullTitle": "login \"after each\" hook: finalize codeceptjs in \"login\"",
              "timedOut": false,
              "duration": 333,
              "state": null,
              "speed": null,
              "pass": false,
              "fail": false,
              "pending": false,
              "context": null,
              "code": "scenario.teardown(suite)",
              "err": {},
              "uuid": "8a1e66bc-608f-40f4-a276-e4d97c2ae9e9",
              "parentUUID": "c784cb45-043b-4e52-968c-327e434ac4f2",
              "isHook": true,
              "skipped": false
            }
          ],
          "tests": [
            {
              "title": "login com sucesso",
              "fullTitle": "login: login com sucesso",
              "timedOut": false,
              "duration": 4737,
              "state": "passed",
              "speed": "slow",
              "pass": true,
              "fail": false,
              "pending": false,
              "context": null,
              "code": "login_pagePage.realizandoLogin('teste@teste.com','123456')\nhome_pagePage.chegandoLoginComSucesso()",
              "err": {},
              "uuid": "914c757f-319a-43e5-ae01-dd326595c8e6",
              "parentUUID": "c784cb45-043b-4e52-968c-327e434ac4f2",
              "isHook": false,
              "skipped": false
            },
            {
              "title": "login sem sucesso",
              "fullTitle": "login: login sem sucesso",
              "timedOut": false,
              "duration": 5105,
              "state": "passed",
              "speed": "slow",
              "pass": true,
              "fail": false,
              "pending": false,
              "context": null,
              "code": "login_pagePage.realizandoLogin('','123456')\nlogin_pagePage.chegandoLoginSemSucesso()",
              "err": {},
              "uuid": "79d4a214-97aa-41b5-a36c-79eae0f4bfc2",
              "parentUUID": "c784cb45-043b-4e52-968c-327e434ac4f2",
              "isHook": false,
              "skipped": false
            }
          ],
          "suites": [],
          "passes": [
            "914c757f-319a-43e5-ae01-dd326595c8e6",
            "79d4a214-97aa-41b5-a36c-79eae0f4bfc2"
          ],
          "failures": [],
          "pending": [],
          "skipped": [],
          "duration": 9842,
          "root": false,
          "rootEmpty": false,
          "_timeout": 0
        }
      ],
      "passes": [],
      "failures": [],
      "pending": [],
      "skipped": [],
      "duration": 0,
      "root": true,
      "rootEmpty": true,
      "_timeout": 0
    }
  ],
  "meta": {
    "mocha": {
      "version": "10.8.2"
    },
    "mochawesome": {
      "options": {
        "quiet": false,
        "reportFilename": "mochawesome",
        "saveHtml": true,
        "saveJson": true,
        "consoleReporter": "spec",
        "useInlineDiffs": false,
        "code": true
      },
      "version": "7.1.3"
    },
    "marge": {
      "options": {},
      "version": "6.2.0"
    }
  }
}